<?xml version="1.0" encoding="UTF-8"?>
<robot generated="20171210 11:09:03.863" generator="Robot 3.0.2 (Python 2.7.6 on win32)">
<suite source="C:\Users\Matej\Desktop\CZC_4IT446\CZC_4IT446\Tests" id="s1" name="Tests">
<suite source="C:\Users\Matej\Desktop\CZC_4IT446\CZC_4IT446\Tests\LoginTest.robot" id="s1-s1" name="LoginTest">
<test id="s1-s1-t1" name="LoginTest">
<kw type="setup" name="Open CZC" library="Browser_Keywords">
<arguments>
<arg>${url}</arg>
<arg>${browser}</arg>
</arguments>
<kw name="Open Browser" library="Selenium2Library">
<doc>Opens a new browser instance to the given ``url``.</doc>
<arguments>
<arg>${url}</arg>
<arg>${browser}</arg>
</arguments>
<msg timestamp="20171210 11:09:04.878" level="INFO">Opening browser 'chrome' to base url 'https://www.seznam.cz/'.</msg>
<status status="PASS" endtime="20171210 11:09:14.329" starttime="20171210 11:09:04.878"></status>
</kw>
<status status="PASS" endtime="20171210 11:09:14.329" starttime="20171210 11:09:04.878"></status>
</kw>
<kw name="Login CZC" library="Browser_Keywords">
<arguments>
<arg>${loginName}</arg>
<arg>${loginPass}</arg>
</arguments>
<kw name="Wait Until Page Contains Element" library="Selenium2Library">
<doc>Waits until element ``locator`` appears on current page.</doc>
<arguments>
<arg>${showLogin}</arg>
</arguments>
<kw name="Capture Page Screenshot" library="Selenium2Library">
<doc>Takes screenshot of the current page and embeds it into log file.</doc>
<msg timestamp="20171210 11:09:25.458" level="FAIL">WebDriverException: Message: chrome not reachable
  (Session info: chrome=62.0.3202.94)
  (Driver info: chromedriver=2.33.506120 (e3e53437346286c0bc2d2dc9aa4915ba81d9023f),platform=Windows NT 10.0.10586 x86_64)
</msg>
<status status="FAIL" endtime="20171210 11:09:25.458" starttime="20171210 11:09:21.445"></status>
</kw>
<msg timestamp="20171210 11:09:25.458" level="WARN">Keyword 'Capture Page Screenshot' could not be run on failure: WebDriverException: Message: chrome not reachable
  (Session info: chrome=62.0.3202.94)
  (Driver info: chromedriver=2.33.506120 (e3e53437346286c0bc2d2dc9aa4915ba81d9023f),platform=Windows NT 10.0.10586 x86_64)
</msg>
<msg timestamp="20171210 11:09:25.458" level="FAIL">WebDriverException: Message: chrome not reachable
  (Session info: chrome=62.0.3202.94)
  (Driver info: chromedriver=2.33.506120 (e3e53437346286c0bc2d2dc9aa4915ba81d9023f),platform=Windows NT 10.0.10586 x86_64)
</msg>
<status status="FAIL" endtime="20171210 11:09:25.458" starttime="20171210 11:09:14.331"></status>
</kw>
<status status="FAIL" endtime="20171210 11:09:25.458" starttime="20171210 11:09:14.329"></status>
</kw>
<status status="FAIL" endtime="20171210 11:09:25.458" critical="yes" starttime="20171210 11:09:04.878">WebDriverException: Message: chrome not reachable
  (Session info: chrome=62.0.3202.94)
  (Driver info: chromedriver=2.33.506120 (e3e53437346286c0bc2d2dc9aa4915ba81d9023f),platform=Windows NT 10.0.10586 x86_64)
</status>
</test>
<status status="FAIL" endtime="20171210 11:09:25.474" starttime="20171210 11:09:03.941"></status>
</suite>
<status status="FAIL" endtime="20171210 11:09:25.474" starttime="20171210 11:09:03.863"></status>
</suite>
<statistics>
<total>
<stat fail="1" pass="0">Critical Tests</stat>
<stat fail="1" pass="0">All Tests</stat>
</total>
<tag>
</tag>
<suite>
<stat fail="1" id="s1" name="Tests" pass="0">Tests</stat>
<stat fail="1" id="s1-s1" name="LoginTest" pass="0">Tests.LoginTest</stat>
</suite>
</statistics>
<errors>
<msg timestamp="20171210 11:09:25.458" level="WARN">Keyword 'Capture Page Screenshot' could not be run on failure: WebDriverException: Message: chrome not reachable
  (Session info: chrome=62.0.3202.94)
  (Driver info: chromedriver=2.33.506120 (e3e53437346286c0bc2d2dc9aa4915ba81d9023f),platform=Windows NT 10.0.10586 x86_64)
</msg>
</errors>
</robot>
