Started by user [8mha:////4Mo1q6L/dtw56MGtxbnkt5C6/gWcDpZtqADBFGCqOuNAAAAAlx+LCAAAAAAAAP9b85aBtbiIQTGjNKU4P08vOT+vOD8nVc83PyU1x6OyILUoJzMv2y+/JJUBAhiZGBgqihhk0NSjKDWzXb3RdlLBUSYGJk8GtpzUvPSSDB8G5tKinBIGIZ+sxLJE/ZzEvHT94JKizLx0a6BxUmjGOUNodHsLgAzWEgZu/dLi1CL9xJTczDwAj6GcLcAAAAA=[0madmin
Building in workspace C:\Users\Matej\.jenkins\workspace\Robot
[Robot] $ cmd /c call C:\Users\Matej\AppData\Local\Temp\jenkins8365194492175703461.bat

C:\Users\Matej\.jenkins\workspace\Robot>if exist "Results" rd Results /s/q 

C:\Users\Matej\.jenkins\workspace\Robot>mkdir Results 

C:\Users\Matej\.jenkins\workspace\Robot>robot --outputdir "C:\Users\Matej\.jenkins\workspace\Robot\Results" --variable browser:firefox C:\Users\Matej\Desktop\CZC_4IT446\CZC_4IT446\Tests 
==============================================================================
Tests                                                                         
==============================================================================
Tests.LoginTest                                                               
==============================================================================
LoginTest                                                             | FAIL |
Setup failed:
WebDriverException: Message: 'geckodriver' executable needs to be in PATH.
------------------------------------------------------------------------------
Tests.LoginTest                                                       | FAIL |
1 critical test, 0 passed, 1 failed
1 test total, 0 passed, 1 failed
==============================================================================
Tests                                                                 | FAIL |
1 critical test, 0 passed, 1 failed
1 test total, 0 passed, 1 failed
==============================================================================
Output:  C:\Users\Matej\.jenkins\workspace\Robot\Results\output.xml
Log:     C:\Users\Matej\.jenkins\workspace\Robot\Results\log.html
Report:  C:\Users\Matej\.jenkins\workspace\Robot\Results\report.html
Build step 'Execute Windows batch command' marked build as failure
Finished: FAILURE
