Started by user [8mha:////4Mo1q6L/dtw56MGtxbnkt5C6/gWcDpZtqADBFGCqOuNAAAAAlx+LCAAAAAAAAP9b85aBtbiIQTGjNKU4P08vOT+vOD8nVc83PyU1x6OyILUoJzMv2y+/JJUBAhiZGBgqihhk0NSjKDWzXb3RdlLBUSYGJk8GtpzUvPSSDB8G5tKinBIGIZ+sxLJE/ZzEvHT94JKizLx0a6BxUmjGOUNodHsLgAzWEgZu/dLi1CL9xJTczDwAj6GcLcAAAAA=[0madmin
Building in workspace C:\Users\Matej\.jenkins\workspace\Robot
[Robot] $ cmd /c call C:\Users\Matej\AppData\Local\Temp\jenkins1584958056397823796.bat

C:\Users\Matej\.jenkins\workspace\Robot>if exist "Results" rd Results /s/q 

C:\Users\Matej\.jenkins\workspace\Robot>mkdir Results 

C:\Users\Matej\.jenkins\workspace\Robot>robot --outputdir "C:\Users\Matej\.jenkins\workspace\Robot\Results" --variable browser:chrome --variable url:seznam.cz C:\Users\Matej\Desktop\CZC_4IT446\CZC_4IT446\Tests 
==============================================================================
Tests                                                                         
==============================================================================
Tests.LoginTest                                                               
==============================================================================
LoginTest                                                             | FAIL |
Setup failed:
WebDriverException: Message: unknown error: unhandled inspector error: {"code":-32000,"message":"Cannot navigate to invalid URL"}
  (Session info: chrome=62.0.3202.94)
  (Driver info: chromedriver=2.33.506120 (e3e53437346286c0bc2d2dc9aa4915ba81d9023f),platform=Windows NT 10.0.10586 x86_64)
------------------------------------------------------------------------------
Tests.LoginTest                                                       | FAIL |
1 critical test, 0 passed, 1 failed
1 test total, 0 passed, 1 failed
==============================================================================
Tests                                                                 | FAIL |
1 critical test, 0 passed, 1 failed
1 test total, 0 passed, 1 failed
==============================================================================
Output:  C:\Users\Matej\.jenkins\workspace\Robot\Results\output.xml
Log:     C:\Users\Matej\.jenkins\workspace\Robot\Results\log.html
Report:  C:\Users\Matej\.jenkins\workspace\Robot\Results\report.html
Process leaked file descriptors. See https://jenkins.io/redirect/troubleshooting/process-leaked-file-descriptors for more information
Build step 'Execute Windows batch command' marked build as failure
Finished: FAILURE
